<?xml version="1.0" encoding="UTF-8"?>
<testsuites>
  <testsuite name="Tafhyseni\PhpMultiTenancy\Tests\TenancyTest" file="C:\xampp\htdocs\packages\php-multi-tenancy\tests\TenancyTest.php" tests="3" assertions="5" errors="0" warnings="0" failures="1" skipped="0" time="0.066271">
    <testcase name="setUp" class="Tafhyseni\PhpMultiTenancy\Tests\TenancyTest" classname="Tafhyseni.PhpMultiTenancy.Tests.TenancyTest" file="C:\xampp\htdocs\packages\php-multi-tenancy\tests\TenancyTest.php" line="14" assertions="2" time="0.018329"/>
    <testcase name="tearDown" class="Tafhyseni\PhpMultiTenancy\Tests\TenancyTest" classname="Tafhyseni.PhpMultiTenancy.Tests.TenancyTest" file="C:\xampp\htdocs\packages\php-multi-tenancy\tests\TenancyTest.php" line="31" assertions="1" time="0.032586"/>
    <testcase name="auto_generate_name" class="Tafhyseni\PhpMultiTenancy\Tests\TenancyTest" classname="Tafhyseni.PhpMultiTenancy.Tests.TenancyTest" file="C:\xampp\htdocs\packages\php-multi-tenancy\tests\TenancyTest.php" line="37" assertions="2" time="0.015356">
      <failure type="PHPUnit\Framework\ExpectationFailedException">Tafhyseni\PhpMultiTenancy\Tests\TenancyTest::auto_generate_name
Failed asserting that false is true.

C:\xampp\htdocs\packages\php-multi-tenancy\tests\TenancyTest.php:40
</failure>
    </testcase>
  </testsuite>
</testsuites>
